  test.cpp
c:\users\solderr18\documents\github\cs172-examii\cs172-examii-saraholderr\cs172-examii-saraholderr\city.h(53): warning C4018: '<': signed/unsigned mismatch
c:\users\solderr18\documents\github\cs172-examii\cs172-examii-saraholderr\cs172-examii-saraholderr\test.cpp(119): error C2440: 'initializing': cannot convert from 'std::vector<Citizen *,std::allocator<_Ty>>' to 'std::vector<Citizen,std::allocator<_Ty>>'
          with
          [
              _Ty=Citizen *
          ]
          and
          [
              _Ty=Citizen
          ]
  c:\users\solderr18\documents\github\cs172-examii\cs172-examii-saraholderr\cs172-examii-saraholderr\test.cpp(119): note: No constructor could take the source type, or constructor overload resolution was ambiguous
c:\users\solderr18\documents\github\cs172-examii\cs172-examii-saraholderr\cs172-examii-saraholderr\test.cpp(125): error C2440: 'initializing': cannot convert from 'std::vector<Citizen *,std::allocator<_Ty>>' to 'std::vector<Citizen,std::allocator<_Ty>>'
          with
          [
              _Ty=Citizen *
          ]
          and
          [
              _Ty=Citizen
          ]
  c:\users\solderr18\documents\github\cs172-examii\cs172-examii-saraholderr\cs172-examii-saraholderr\test.cpp(125): note: No constructor could take the source type, or constructor overload resolution was ambiguous
c:\users\solderr18\documents\github\cs172-examii\cs172-examii-saraholderr\cs172-examii-saraholderr\test.cpp(133): error C2440: 'initializing': cannot convert from 'Citizen' to 'Citizen *'
  c:\users\solderr18\documents\github\cs172-examii\cs172-examii-saraholderr\cs172-examii-saraholderr\test.cpp(133): note: No user-defined-conversion operator available that can perform this conversion, or the operator cannot be called
